commit 8d29f282d9a85f37f6afe2877088aac0a7277ed9
Author: Rodrigo Pires <1210697@isep.ipp.pt>
Date:   Wed May 24 13:54:55 2023 -0700

    header navigation and homepage progress

commit 3972e8287fce6b1a397f2fe4683ae586221aef0b
Author: Rodrigo Pires <1210697@isep.ipp.pt>
Date:   Wed May 24 13:53:20 2023 -0700

    header navigation and home page progress

commit c83358f7c6379dd96f66f10a2dc6ca5d5e9cff11
Merge: 0e3e0a0 081e9d5
Author: FindingWho <133697307+FindingWho@users.noreply.github.com>
Date:   Tue May 23 23:51:24 2023 +0100

    Merge pull request #5 from FindingWho/main
    
    Initial changes for the homepage

commit 081e9d51b9ba9d494049a8e4826d7b01337a992d
Merge: d371635 0e3e0a0
Author: FindingWho <133697307+FindingWho@users.noreply.github.com>
Date:   Tue May 23 23:38:39 2023 +0100

    Merge branch 'rodrigo' into main

commit 0e3e0a03af0c80354fe5e861807b2d0aae94f71c
Author: Rodrigo Pires <1210697@isep.ipp.pt>
Date:   Tue May 23 23:05:36 2023 +0100

    start of the home page - carousel working

commit d3716356233e6d5b2f2d2e424c5f5764faaa718a
Author: FindingWho <133697307+FindingWho@users.noreply.github.com>
Date:   Sun May 21 23:40:54 2023 +0100

    Update headernav.php

commit 79ef2888015ea5a2fab223793bc76515de2eb51c
Merge: 8d7fbb8 db5ffba
Author: FindingWho <133697307+FindingWho@users.noreply.github.com>
Date:   Sun May 21 23:37:06 2023 +0100

    Merge pull request #4 from FindingWho/rodrigo
    
    files for the navbar and footer were created so

commit db5ffba9f10aab5147bfded20f018ca5de14a5de
Author: Rodrigo Pires <1210697@isep.ipp.pt>
Date:   Sun May 21 23:34:11 2023 +0100

    files for the navbar and footer were created so
    they can be implemented in every page of the website

commit 8d7fbb8d70de33d8756b8e9deaa6c1d31f0f41ec
Merge: 1a54b07 e5ab6ed
Author: FindingWho <133697307+FindingWho@users.noreply.github.com>
Date:   Sun May 21 21:10:05 2023 +0100

    Merge pull request #3 from FindingWho/rodrigo
    
    Files needed to start building the pages from the wireframes

commit e5ab6edc42b14d88eeedd6d2012c113424648890
Author: Rodrigo Pires <1210697@isep.ipp.pt>
Date:   Sun May 21 21:06:22 2023 +0100

    Files needed to start building the pages from the wireframes

commit 1a54b073853db1c1ec9883a7f9d8126a69bf956b
Merge: 0a8d8be 2bda91b
Author: FindingWho <133697307+FindingWho@users.noreply.github.com>
Date:   Sun May 21 20:18:54 2023 +0100

    Merge pull request #2 from FindingWho/rodrigo
    
    Rodrigo

commit 2bda91bb2283d5ae09c1931cb90705d374a42dde
Author: Rodrigo Pires <1210697@isep.ipp.pt>
Date:   Wed May 17 12:32:09 2023 -0700

    exercicio 2

commit 55d43294aa656cf8c001d3738d506ae07a5ca67c
Author: FindingWho <133697307+FindingWho@users.noreply.github.com>
Date:   Wed May 17 03:55:12 2023 -0700

    Delete token.txt

commit 1d2d836cafca2baf6541c30654f0d4d93d46d081
Author: FindingWho <133697307+FindingWho@users.noreply.github.com>
Date:   Wed May 17 03:54:56 2023 -0700

    Delete token.pub

commit bba33b6ab6cabcb6dfb7b3f296e2bcd0bdbc0378
Author: Rodrigo Pires <1210697@isep.ipp.pt>
Date:   Tue May 16 00:12:12 2023 -0700

    testing branches

commit 0a8d8be5bc419e006e4f117c300c5f92b91a356b
Author: Rodrigo Pires <1210697@isep.ipp.pt>
Date:   Mon May 15 22:43:42 2023 -0700

    first commit
